c:\users\arth\documents\github\arthurogameengine\project1\x64\release\vc143.pdb
c:\users\arth\documents\github\arthurogameengine\project1\x64\release\glad.obj
c:\users\arth\documents\github\arthurogameengine\project1\x64\release\stb_image.obj
c:\users\arth\documents\github\arthurogameengine\project1\x64\release\shader.obj
c:\users\arth\documents\github\arthurogameengine\project1\x64\release\main.obj
c:\users\arth\documents\github\arthurogameengine\project1\x64\release\ebomeshrenderer.obj
c:\users\arth\documents\github\arthurogameengine\project1\x64\release\vaomeshrenderer.obj
c:\users\arth\documents\github\arthurogameengine\project1\x64\release\engineconstants.obj
c:\users\arth\documents\github\arthurogameengine\project1\x64\release\transformcomponent.obj
c:\users\arth\documents\github\arthurogameengine\project1\x64\release\renderer3d.obj
c:\users\arth\documents\github\arthurogameengine\project1\x64\release\baselight.obj
c:\users\arth\documents\github\arthurogameengine\project1\x64\release\gameobject.obj
c:\users\arth\documents\github\arthurogameengine\project1\x64\release\camera.obj
c:\users\arth\documents\github\arthurogameengine\project1\x64\release\gameengine.exe
c:\users\arth\documents\github\arthurogameengine\project1\x64\release\gameengine.pdb
c:\users\arth\documents\github\arthurogameengine\project1\x64\release\gameengine.ipdb
c:\users\arth\documents\github\arthurogameengine\project1\x64\release\gameengine.iobj
c:\users\arth\documents\github\arthurogameengine\project1\x64\release\gameengine.tlog\cl.command.1.tlog
c:\users\arth\documents\github\arthurogameengine\project1\x64\release\gameengine.tlog\cl.items.tlog
c:\users\arth\documents\github\arthurogameengine\project1\x64\release\gameengine.tlog\cl.read.1.tlog
c:\users\arth\documents\github\arthurogameengine\project1\x64\release\gameengine.tlog\cl.write.1.tlog
c:\users\arth\documents\github\arthurogameengine\project1\x64\release\gameengine.tlog\link.command.1.tlog
c:\users\arth\documents\github\arthurogameengine\project1\x64\release\gameengine.tlog\link.read.1.tlog
c:\users\arth\documents\github\arthurogameengine\project1\x64\release\gameengine.tlog\link.write.1.tlog
c:\users\arth\documents\github\arthurogameengine\project1\x64\release\gameengine.tlog\link.write.2u.tlog
